0000000000
0000000000
000EDB6458
000C533568
001009FDE0
002409A050
0010871B00
00189F4DF8
FFF71DD578
002404DA28
001AF20250
FFE4B2A678
001E853120
FFF28CB710
0000D071F8
FFF8A476EB
FFFA6E42BA
FFE70B10E2
FFD486A9C0
FFFAE9C1AB
FFF60A18CE
000A53424B
FFE61FF5EA
000C75EC68
FFB5F4FB58
FFA66C9C8C
FFD1E5B7FD
FF90842F5F
FFE10B5EB9
FFC0D80346
00471530D1
FFC33B2C20
FFCCF6FF13
00449520BE
FFE5A388D5
00080E1546
FFF4212BFA
00443D1E38
002FBE5948
003EE196DD
003C3A8BBA
FFEB39AAEE
FFD6D9C60E
0015E86F8C
004AD487B5
001B195AD3
005C7C2C77
005186AB15
FFD52E76CE
0003D68D0D
FFFEDA9F07
0010274ED5
FFE045B0B6
007C9AF2E6
002B75EBAD
FFA06C7911
FFA6FB2637
0003E5C6FD
FFCA1170BE
FFCD09C222
0031EDD1C5
002E65B238
001FB611DD
003CC214FC
005BC75937
FFE8F201C6
FFEB9EC7A0
0049041088
0034C980BA
00183BEDAB
005A4B92D5
0014DA4CCF
FFCDFE861F
002B3ADE43
00010BF243
FFAB818FA6
FFE849BE52
003A1AF92E
00125C5430
000F415061
0007A36D75
FFCD8A1D7F
FFF53699B9
FF464586D2
FFBC6DAA9E
FFCA026FCA
FFB9E8A540
FFB736DC6B
FF991CBAB5
004BDB7DFD
FEF6643F3D
FFBE430BA8
0057DF9657
003138E0B3
004607AD69
00119F5819
005F1CDE8A
FFC33F627E
0023BF984A
FF7CC1179B
004C48453B
FF8E324F2E
008B17F11B
00328CD299
FFD25DAF5A
00106FE565
000BC1D917
0011F56372
FFF5E32625
0006E33CA5
FFE91977F7
FF60DE1047
005F4B79E4
0034983CC7
FFE715B3E7
FFE115E296
FFDB4D19A6
00078224A5
FFBF0D9AF5
0053A27028
00ACD30376
0049CCD0B7
FF63073E0E
008AC5F238
000C2B7919
FFA2DC566E
00DAF1B0BF
00163C2615
0050D9D3D0
FFCA709119
0058818293
0020DE5015
FFF799CA1B
000EBB0DF4
FFF661624A
FFA06B6A2C
00884F9E08
005E2CD8E7
002E643654
FF5A4164B4
FFC17F817A
000BD23A65
FF7F36799C
005ADDBDD7
0044F700F3
FFF5B411A2
FF6BE94414
004A34B800
00413ACEA7
FFBFE402C3
FFE92F7E19
FF77C860EB
FFB687130F
004B3F7524
0074D4DFEC
FF7423737F
004219B84E
FFEAED5F6D
FF60699A74
FFDF38D16D
00354FB88B
00E87B142C
FF830FAA8C
00012689FE
FFD42B9D58
008E584518
004D7767F8
FF4BE7B320
FFAB85F413
009C69CBD1
FFE850999D
FFCB108D31
00877C1E37
009478C794
FF5EE3948E
FF15660768
004510478F
0058590D70
FFF09A2DBE
00502B31ED
0017394D53
FFA5E387DB
FFD6B9AD82
FF924AED7B
005102E9B2
001F2DDCB8
FF4EA13CF7
FF9DA816B2
002707BE36
000D62CE11
FF5A5A2375
FFF0DBA519
FFDB0B3D62
000F0431CF
0080326C02
00690E22FA
FF54DB90FA
007D9EE81F
FFAA36F555
001B855BB9
00037385EA
00675F82E1
000758ADA7
0043F387D2
000AFA2A03
00001E8388
FFC816D192
003D0FB01F
00A3EBA3FB
FF95A40DFC
0002603971
006177AC9B
FFE4A3D4E2
00439BEF77
FFF38049EE
007B015833
FF83CA9B2A
FFE3C5AF08
000283F000
008B3C7604
001C16E371
FF9DD05B41
00855DB11A
FFE4554A0A
FF7F4E1C08
00778DBD3E
00D3CD66F2
00117D3E88
FFC9E56356
0093B701C8
FFE9983FB4
FFA9A53FC7
FF6917A8C8
00EF330B44
FFA87DFA9C
004BABD002
FFCAA81CF0
FFB3261FDE
FFB4039A79
00114DE622
FFE53B2968
FFA47EC453
FFC6B37684
004AB09018
FF94A12F12
FF9476BD8B
0045B4E52C
FFC02D4EB0
000FF86B3B
FF967209E6
007D277DD1
FFCFF853E4
FF01412BA9
0067E829A4
FFF6ECB0F6
00DF3AD7D9
0075701009
00025B9FA5
0070B34C92
007E8E32E8
FEF7CE94E7
FFFBA40024
004B26811F
FF9A5462CD
0071DED0B2
00B7A78056
FEF43A96CE
006E97B3DF
0088FF041A
003E1E08FC
FFAC522AA9
00E1717DA8
00AD34B09C
FEF3022E58
00B863C347
FFF1761FC7
FFE2D6C991
FFB28839EB
00456EF78F
0063F973A3
FFDFC0B65C
004AC6AB5D
002C551A21
FF77B55066
FFFE69CB56
FFE531272B
002FA4AECE
FFCF0F91D1
006FA20A1F
FFB0E2C2ED
FF89DD307F
FF3DE50843
FFF9EBEA69
FFA7B4DF92
FF59DF031F
FFE9D40ABF
FFD48C6C21
FFB5074C8E
004B89FF0E
FFF0E5C0EC
FFEEBE1447
FF2B58185E
009F31CF9E
FFD1BF9ED5
FFEA9772CE
00987B0CD4
0036C6E923
00CA736ABD
FE79ED0CD7
00DFC4DF87
00E934F840
0049CD94C5
001F2866BB
FFF1CB3094
005C09048F
FF785318D0
0012D37320
FF8D20B5E5
FFF27DEE34
FF54B41E7B
0008C22D1C
00902A4AC2
FFCD250E86
FFFAB0D79C
FFE8B2510D
FF9615197C
00D378A71E
FFC0CD9951
FFB6AF54CF
0036ACF0B5
00FACDED5D
FFB168FB3E
FFF4085573
002ADD50F5
FFBA505AA0
0103BEE2B5
00027E5675
FEBB992994
0009C82323
001FB795D6
FFAED83FEA
007C4F3DE1
FF866F2379
FF846A3395
FFDDFC52EB
0093F95897
FFEC407696
FF92A53B0F
0048049E99
FFEE73AD01
FF48484967
FF042B4FBE
00DAF6C20D
000DBBEE88
FF7EBF5081
FFA34E9BAE
00A303E2EC
002F930D29
FF936D4391
0060140184
0085F362A9
006075C361
000307265A
FFC2137034
006C5D86B2
FFC033B1D9
00205BC5CE
FF8A074FB7
0046CB32EE
001A62F7B3
005D1EE1E4
004ADE0EB4
FFFADE329A
FFDD643730
FFD6FE0B9C
00A2D35500
0030C21289
00627999F2
00462CCE68
FF9D4DC8D7
FF803D0FCE
FFF69F3DEF
FFE182EEFB
FFA3594945
0012FA2F4B
FFCB91BBC8
FF720FF72F
FFAEFB9CD7
009E30B25E
0093862650
00402D4EA3
0004466FA6
00D6475D2D
00730A76EA
00AE23656A
0058F60DED
FFE1AA8C28
010764470E
0013DE912B
FFAB6265CA
004534F4C1
FFD7A4EFED
FFA9E074DC
FF77530C25
0008BB5FF8
FF9A45643E
00B0B13002
FFBF43B376
FF89958782
FFF8CA2408
FFF4D35DBB
006A8CF8ED
FFF5CA1D26
002E72303D
FF4E6A99C8
FF8DB44006
0089DC3010
00626B78F1
FFBDCE2C85
0082D8EC6B
014D04137D
FF6AD8E152
00871F764A
0029628F40
FF938BC025
008A97104B
FFFD0C043E
FF47948759
FF843E3505
00F4019399
FFBEC7C3A7
FF8B88D2C8
FF6686DCE9
FF9D83BA62
FFF3E2CB67
FF2C0E2C99
FFF21D7C11
FFAC367B7B
0029D14252
FFB6745E93
008E41C6E6
0072463D2D
FFCEC82933
00CF1FA828
001CB8357C
0028673622
008D410BF6
007A6A0203
0047ADFE24
FFDC24AF32
FFA2F2ED8E
0001AD73E6
001AFE64B8
FFF17574BD
00064CD7A0
FFD6EAF735
FF8E3F8FFF
FFDE810C90
0079E4D7B1
008D7D7264
FFF507C694
001EB93B9D
0032C348EB
005590B3CB
008B50B6CD
FFE372B7FC
FF74B3856F
008F98E558
001F3ECC46
FF6E6F9315
FF8BD34D52
0007DF6A15
000D3AA04F
003361A9F2
FFE9F40E49
FF561ECB28
004C222751
00174F11B4
FFAD201B78
FF90BD467E
003E685FF4
FFB05B8D33
FF7683F144
FFC9D0428D
FFB89EAEDB
FFD2BE443E
FFD407C9D2
00017D7F1E
FF56C5B154
FF648CDEA0
009D775E82
FF4B617D6A
FF56BFD170
FFE6D654E2
FFCC2BC4E7
FF9E497BED
00D0A9E82E
FFE32EF864
FFC0505499
00D0170FBC
0034EF3CC7
FF84F298D3
00ADB58548
00C96A6CD6
FF5A6E918D
00FBB5D305
0046C98A52
FFA001CAA2
FFE5FE2DC1
004776309A
000125731D
FF692705B5