 
****************************************
  Report : Chip Summary
  Design : Chip
  Version: M-2016.12-SP5
  Date   : Mon Nov 26 12:45:25 2018
****************************************
Std cell utilization: 57.73%  (553231/(958300-0))
(Non-fixed + Fixed)
Std cell utilization: 57.73%  (553231/(958300-0))
(Non-fixed only)
Chip area:            958300   sites, bbox (258.00 258.00 1708.40 1708.40) um
Std cell area:        553231   sites, (non-fixed:553231 fixed:0)
                      52463    cells, (non-fixed:52463  fixed:0)
Macro cell area:      0        sites
                      0        cells
Placement blockages:  0        sites, (excluding fixed std cells)
                      0        sites, (include fixed std cells & chimney area)
                      0        sites, (complete p/g net blockages)
Routing blockages:    0        sites, (partial p/g net blockages)
                      0        sites, (routing blockages and signal pre-route)
Lib cell count:       109 
Avg. std cell width:  4.66 um 
Site array:           unit     (width: 0.56 um, height: 3.92 um, rows: 370)
Physical DB scale:    1000 db_unit = 1 um 

 
****************************************
  Report : pnet options
  Design : Chip
  Version: M-2016.12-SP5
  Date   : Mon Nov 26 12:45:25 2018
****************************************


--------------------------------------------------------------------
Layer      Blockage   Min_width   Min_height   Via_additive     Density
--------------------------------------------------------------------
METAL1     none          ---         ---       via additive      ---
METAL2     none          ---         ---       via additive      ---
METAL3     none          ---         ---       via additive      ---
METAL4     none          ---         ---       via additive      ---
METAL5     none          ---         ---       via additive      ---
METAL6     none          ---         ---       via additive      ---

**********************************
      Sub-Region Utilization      
**********************************
Number of regions with placement utilization 0 - 0.125 is 0 (0.00%)
Number of regions with placement utilization 0.125 - 0.25 is 0 (0.00%)
Number of regions with placement utilization 0.25 - 0.375 is 2 (0.04%)
Number of regions with placement utilization 0.375 - 0.5 is 338 (6.17%)
Number of regions with placement utilization 0.5 - 0.625 is 4289 (78.32%)
Number of regions with placement utilization 0.625 - 0.75 is 846 (15.45%)
Number of regions with placement utilization 0.75 - 0.875 is 0 (0.00%)
Number of regions with placement utilization 0.875 - 1 is 1 (0.02%)
1
