 
****************************************
Report : area
Design : MSDAP_top
Version: L-2016.03-SP3
Date   : Thu Nov 22 18:42:32 2018
****************************************

Library(s) Used:

    ss_1v62_125c (File: /home/eng/x/xxw122030/synopsys/ss_1v62_125c.db)

Number of ports:                         4107
Number of nets:                         63908
Number of cells:                        60496
Number of combinational cells:          41637
Number of sequential cells:             18172
Number of macros/black boxes:               0
Number of buf/inv:                       8520
Number of references:                      10

Combinational area:             540480.183735
Buf/Inv area:                    73269.189280
Noncombinational area:          721935.413773
Macro/Black Box area:                0.000000
Net Interconnect area:      undefined  (No wire load specified)

Total cell area:               1262415.597507
Total area:                 undefined
1
